<?xml version="1.0" encoding="UTF-8"?>
<testsuite name="ar.edu.unq.woof.service.PaseadorServiceTest" tests="1" skipped="0" failures="0" errors="0" timestamp="2025-09-02T16:21:45" hostname="MacBook-Air-de-Emilia.local" time="0.275">
  <properties/>
  <testcase name="savePaseador()" classname="ar.edu.unq.woof.service.PaseadorServiceTest" time="0.275"/>
  <system-out><![CDATA[13:21:44.534 [Test worker] INFO org.springframework.test.context.support.AnnotationConfigContextLoaderUtils -- Could not detect default configuration classes for test class [ar.edu.unq.woof.service.PaseadorServiceTest]: PaseadorServiceTest does not declare any static, non-private, non-final, nested classes annotated with @Configuration.
13:21:44.568 [Test worker] INFO org.springframework.boot.test.context.SpringBootTestContextBootstrapper -- Found @SpringBootConfiguration ar.edu.unq.woof.WoofApp for test class ar.edu.unq.woof.service.PaseadorServiceTest

  .   ____          _            __ _ _
 /\\ / ___'_ __ _ _(_)_ __  __ _ \ \ \ \
( ( )\___ | '_ | '_| | '_ \/ _` | \ \ \ \
 \\/  ___)| |_)| | | | | || (_| |  ) ) ) )
  '  |____| .__|_| |_|_| |_\__, | / / / /
 =========|_|==============|___/=/_/_/_/
 :: Spring Boot ::                (v3.1.1)

2025-09-02T13:21:44.686-03:00  INFO 6606 --- [    Test worker] a.e.u.woof.service.PaseadorServiceTest   : Starting PaseadorServiceTest using Java 21.0.8 with PID 6606 (started by emiliadiaz in /Users/emiliadiaz/dev/IdeaProjects/woof)
2025-09-02T13:21:44.687-03:00  INFO 6606 --- [    Test worker] a.e.u.woof.service.PaseadorServiceTest   : No active profile set, falling back to 1 default profile: "default"
2025-09-02T13:21:44.927-03:00  INFO 6606 --- [    Test worker] .s.d.r.c.RepositoryConfigurationDelegate : Bootstrapping Spring Data JPA repositories in DEFAULT mode.
2025-09-02T13:21:44.943-03:00  INFO 6606 --- [    Test worker] .s.d.r.c.RepositoryConfigurationDelegate : Finished Spring Data repository scanning in 13 ms. Found 1 JPA repository interfaces.
2025-09-02T13:21:45.059-03:00  INFO 6606 --- [    Test worker] com.zaxxer.hikari.HikariDataSource       : HikariPool-1 - Starting...
2025-09-02T13:21:45.132-03:00  INFO 6606 --- [    Test worker] com.zaxxer.hikari.pool.HikariPool        : HikariPool-1 - Added connection org.postgresql.jdbc.PgConnection@6e24ce51
2025-09-02T13:21:45.132-03:00  INFO 6606 --- [    Test worker] com.zaxxer.hikari.HikariDataSource       : HikariPool-1 - Start completed.
2025-09-02T13:21:45.149-03:00  INFO 6606 --- [    Test worker] o.hibernate.jpa.internal.util.LogHelper  : HHH000204: Processing PersistenceUnitInfo [name: default]
2025-09-02T13:21:45.172-03:00  INFO 6606 --- [    Test worker] org.hibernate.Version                    : HHH000412: Hibernate ORM core version 6.2.5.Final
2025-09-02T13:21:45.173-03:00  INFO 6606 --- [    Test worker] org.hibernate.cfg.Environment            : HHH000406: Using bytecode reflection optimizer
2025-09-02T13:21:45.220-03:00  INFO 6606 --- [    Test worker] o.h.b.i.BytecodeProviderInitiator        : HHH000021: Bytecode provider name : bytebuddy
2025-09-02T13:21:45.262-03:00  INFO 6606 --- [    Test worker] o.s.o.j.p.SpringPersistenceUnitInfo      : No LoadTimeWeaver setup: ignoring JPA class transformer
2025-09-02T13:21:45.330-03:00  INFO 6606 --- [    Test worker] o.h.b.i.BytecodeProviderInitiator        : HHH000021: Bytecode provider name : bytebuddy
2025-09-02T13:21:45.523-03:00  INFO 6606 --- [    Test worker] o.h.e.t.j.p.i.JtaPlatformInitiator       : HHH000490: Using JtaPlatform implementation: [org.hibernate.engine.transaction.jta.platform.internal.NoJtaPlatform]
2025-09-02T13:21:45.550-03:00  INFO 6606 --- [    Test worker] j.LocalContainerEntityManagerFactoryBean : Initialized JPA EntityManagerFactory for persistence unit 'default'
2025-09-02T13:21:45.718-03:00  WARN 6606 --- [    Test worker] JpaBaseConfiguration$JpaWebConfiguration : spring.jpa.open-in-view is enabled by default. Therefore, database queries may be performed during view rendering. Explicitly configure spring.jpa.open-in-view to disable this warning
2025-09-02T13:21:45.863-03:00  INFO 6606 --- [    Test worker] a.e.u.woof.service.PaseadorServiceTest   : Started PaseadorServiceTest in 1.249 seconds (process running for 1.601)
Hibernate: insert into paseador (nombre) values (?)
]]></system-out>
  <system-err><![CDATA[WARNING: A Java agent has been loaded dynamically (/Users/emiliadiaz/.gradle/caches/modules-2/files-2.1/net.bytebuddy/byte-buddy-agent/1.14.5/20f4e9b9d0ffb953657bfa4b92c0cceb27907d58/byte-buddy-agent-1.14.5.jar)
WARNING: If a serviceability tool is in use, please run with -XX:+EnableDynamicAgentLoading to hide this warning
WARNING: If a serviceability tool is not in use, please run with -Djdk.instrument.traceUsage for more information
WARNING: Dynamic loading of agents will be disallowed by default in a future release
]]></system-err>
</testsuite>
